<?xml version="1.0" encoding="UTF-8"?>
<testsuite name="kr.ac.jejunu.user.UserDaoTests" tests="4" skipped="0" failures="0" errors="0" timestamp="2023-04-07T09:31:12" hostname="gosejong-ui-MacBookPro.local" time="0.852">
  <properties/>
  <testcase name="delete()" classname="kr.ac.jejunu.user.UserDaoTests" time="0.658"/>
  <testcase name="insert()" classname="kr.ac.jejunu.user.UserDaoTests" time="0.089"/>
  <testcase name="update()" classname="kr.ac.jejunu.user.UserDaoTests" time="0.077"/>
  <testcase name="get()" classname="kr.ac.jejunu.user.UserDaoTests" time="0.025"/>
  <system-out><![CDATA[]]></system-out>
  <system-err><![CDATA[]]></system-err>
</testsuite>
