<?xml version="1.0" encoding="UTF-8"?>
<testsuite name="kr.ac.jejunu.user.UserDaoTests" tests="4" skipped="0" failures="0" errors="0" timestamp="2023-04-14T07:56:15" hostname="gosejong-ui-MacBookPro.local" time="0.689">
  <properties/>
  <testcase name="delete()" classname="kr.ac.jejunu.user.UserDaoTests" time="0.53"/>
  <testcase name="insert()" classname="kr.ac.jejunu.user.UserDaoTests" time="0.064"/>
  <testcase name="update()" classname="kr.ac.jejunu.user.UserDaoTests" time="0.069"/>
  <testcase name="get()" classname="kr.ac.jejunu.user.UserDaoTests" time="0.022"/>
  <system-out><![CDATA[]]></system-out>
  <system-err><![CDATA[]]></system-err>
</testsuite>
